{"/home/luma/Documentos/GoStack/GoBarber/appgobarber/src/components/Button/index.tsx": {"path":"/home/luma/Documentos/GoStack/GoBarber/appgobarber/src/components/Button/index.tsx","statementMap":{"0":{"start":{"line":10,"column":38},"end":{"line":16,"column":1}},"1":{"start":{"line":11,"column":2},"end":{"line":15,"column":4}}},"fnMap":{"0":{"name":"(anonymous_0)","decl":{"start":{"line":10,"column":38},"end":{"line":10,"column":39}},"loc":{"start":{"line":10,"column":65},"end":{"line":16,"column":1}},"line":10}},"branchMap":{},"s":{"0":1,"1":1},"f":{"0":1},"b":{},"_coverageSchema":"43e27e138ebf9cfc5966b082cf9a028302ed4184","hash":"19cf93a25b8188cc2d05025bc4f6c2e62b668516"}
,"/home/luma/Documentos/GoStack/GoBarber/appgobarber/src/components/Input/index.tsx": {"path":"/home/luma/Documentos/GoStack/GoBarber/appgobarber/src/components/Input/index.tsx","statementMap":{"0":{"start":{"line":27,"column":66},"end":{"line":85,"column":1}},"1":{"start":{"line":31,"column":65},"end":{"line":31,"column":79}},"2":{"start":{"line":32,"column":24},"end":{"line":32,"column":76}},"3":{"start":{"line":33,"column":26},"end":{"line":33,"column":43}},"4":{"start":{"line":34,"column":36},"end":{"line":34,"column":51}},"5":{"start":{"line":35,"column":34},"end":{"line":35,"column":49}},"6":{"start":{"line":37,"column":2},"end":{"line":51,"column":33}},"7":{"start":{"line":38,"column":4},"end":{"line":50,"column":7}},"8":{"start":{"line":43,"column":8},"end":{"line":43,"column":44}},"9":{"start":{"line":44,"column":8},"end":{"line":44,"column":64}},"10":{"start":{"line":47,"column":8},"end":{"line":47,"column":41}},"11":{"start":{"line":48,"column":8},"end":{"line":48,"column":61}},"12":{"start":{"line":53,"column":2},"end":{"line":57,"column":6}},"13":{"start":{"line":53,"column":34},"end":{"line":57,"column":3}},"14":{"start":{"line":55,"column":6},"end":{"line":55,"column":38}},"15":{"start":{"line":59,"column":2},"end":{"line":84,"column":4}},"16":{"start":{"line":71,"column":10},"end":{"line":71,"column":46}},"17":{"start":{"line":75,"column":10},"end":{"line":75,"column":29}},"18":{"start":{"line":78,"column":10},"end":{"line":78,"column":30}},"19":{"start":{"line":79,"column":10},"end":{"line":79,"column":53}}},"fnMap":{"0":{"name":"(anonymous_0)","decl":{"start":{"line":27,"column":66},"end":{"line":27,"column":67}},"loc":{"start":{"line":30,"column":5},"end":{"line":85,"column":1}},"line":30},"1":{"name":"(anonymous_1)","decl":{"start":{"line":37,"column":12},"end":{"line":37,"column":13}},"loc":{"start":{"line":37,"column":18},"end":{"line":51,"column":3}},"line":37},"2":{"name":"(anonymous_2)","decl":{"start":{"line":42,"column":6},"end":{"line":42,"column":7}},"loc":{"start":{"line":42,"column":30},"end":{"line":45,"column":7}},"line":42},"3":{"name":"(anonymous_3)","decl":{"start":{"line":46,"column":6},"end":{"line":46,"column":7}},"loc":{"start":{"line":46,"column":19},"end":{"line":49,"column":7}},"line":46},"4":{"name":"(anonymous_4)","decl":{"start":{"line":53,"column":27},"end":{"line":53,"column":28}},"loc":{"start":{"line":53,"column":34},"end":{"line":57,"column":3}},"line":53},"5":{"name":"(anonymous_5)","decl":{"start":{"line":54,"column":4},"end":{"line":54,"column":5}},"loc":{"start":{"line":54,"column":12},"end":{"line":56,"column":5}},"line":54},"6":{"name":"(anonymous_6)","decl":{"start":{"line":70,"column":22},"end":{"line":70,"column":23}},"loc":{"start":{"line":70,"column":33},"end":{"line":72,"column":9}},"line":70},"7":{"name":"(anonymous_7)","decl":{"start":{"line":74,"column":17},"end":{"line":74,"column":18}},"loc":{"start":{"line":74,"column":23},"end":{"line":76,"column":9}},"line":74},"8":{"name":"(anonymous_8)","decl":{"start":{"line":77,"column":16},"end":{"line":77,"column":17}},"loc":{"start":{"line":77,"column":22},"end":{"line":80,"column":9}},"line":77}},"branchMap":{"0":{"loc":{"start":{"line":28,"column":16},"end":{"line":28,"column":35}},"type":"default-arg","locations":[{"start":{"line":28,"column":33},"end":{"line":28,"column":35}}],"line":28},"1":{"loc":{"start":{"line":31,"column":36},"end":{"line":31,"column":53}},"type":"default-arg","locations":[{"start":{"line":31,"column":51},"end":{"line":31,"column":53}}],"line":31},"2":{"loc":{"start":{"line":64,"column":15},"end":{"line":64,"column":60}},"type":"cond-expr","locations":[{"start":{"line":64,"column":39},"end":{"line":64,"column":48}},{"start":{"line":64,"column":51},"end":{"line":64,"column":60}}],"line":64},"3":{"loc":{"start":{"line":64,"column":15},"end":{"line":64,"column":36}},"type":"binary-expr","locations":[{"start":{"line":64,"column":15},"end":{"line":64,"column":23}},{"start":{"line":64,"column":27},"end":{"line":64,"column":36}}],"line":64}},"s":{"0":1,"1":2,"2":2,"3":2,"4":2,"5":2,"6":2,"7":2,"8":0,"9":0,"10":0,"11":0,"12":2,"13":1,"14":0,"15":2,"16":0,"17":0,"18":0,"19":0},"f":{"0":2,"1":2,"2":0,"3":0,"4":1,"5":0,"6":0,"7":0,"8":0},"b":{"0":[2],"1":[2],"2":[0,2],"3":[2,2]},"_coverageSchema":"43e27e138ebf9cfc5966b082cf9a028302ed4184","hash":"0335c4e9465e8a3ea2564ead33b127dcfbfe63f0"}
,"/home/luma/Documentos/GoStack/GoBarber/appgobarber/src/hooks/auth.tsx": {"path":"/home/luma/Documentos/GoStack/GoBarber/appgobarber/src/hooks/auth.tsx","statementMap":{"0":{"start":{"line":36,"column":20},"end":{"line":36,"column":73}},"1":{"start":{"line":38,"column":38},"end":{"line":97,"column":1}},"2":{"start":{"line":39,"column":26},"end":{"line":39,"column":51}},"3":{"start":{"line":40,"column":32},"end":{"line":40,"column":46}},"4":{"start":{"line":42,"column":2},"end":{"line":57,"column":9}},"5":{"start":{"line":44,"column":36},"end":{"line":47,"column":8}},"6":{"start":{"line":49,"column":6},"end":{"line":52,"column":7}},"7":{"start":{"line":50,"column":8},"end":{"line":50,"column":51}},"8":{"start":{"line":51,"column":8},"end":{"line":51,"column":63}},"9":{"start":{"line":53,"column":6},"end":{"line":53,"column":24}},"10":{"start":{"line":56,"column":4},"end":{"line":56,"column":22}},"11":{"start":{"line":59,"column":17},"end":{"line":72,"column":8}},"12":{"start":{"line":60,"column":21},"end":{"line":60,"column":68}},"13":{"start":{"line":62,"column":28},"end":{"line":62,"column":41}},"14":{"start":{"line":64,"column":4},"end":{"line":67,"column":7}},"15":{"start":{"line":69,"column":4},"end":{"line":69,"column":59}},"16":{"start":{"line":71,"column":4},"end":{"line":71,"column":29}},"17":{"start":{"line":74,"column":18},"end":{"line":77,"column":8}},"18":{"start":{"line":75,"column":4},"end":{"line":75,"column":74}},"19":{"start":{"line":76,"column":4},"end":{"line":76,"column":29}},"20":{"start":{"line":79,"column":21},"end":{"line":88,"column":3}},"21":{"start":{"line":81,"column":6},"end":{"line":84,"column":9}},"22":{"start":{"line":85,"column":6},"end":{"line":85,"column":73}},"23":{"start":{"line":90,"column":2},"end":{"line":96,"column":4}},"24":{"start":{"line":100,"column":18},"end":{"line":100,"column":41}},"25":{"start":{"line":102,"column":2},"end":{"line":104,"column":3}},"26":{"start":{"line":103,"column":4},"end":{"line":103,"column":68}},"27":{"start":{"line":106,"column":2},"end":{"line":106,"column":17}}},"fnMap":{"0":{"name":"(anonymous_0)","decl":{"start":{"line":38,"column":38},"end":{"line":38,"column":39}},"loc":{"start":{"line":38,"column":56},"end":{"line":97,"column":1}},"line":38},"1":{"name":"(anonymous_1)","decl":{"start":{"line":42,"column":12},"end":{"line":42,"column":13}},"loc":{"start":{"line":42,"column":18},"end":{"line":57,"column":3}},"line":42},"2":{"name":"loadStorageData","decl":{"start":{"line":43,"column":19},"end":{"line":43,"column":34}},"loc":{"start":{"line":43,"column":52},"end":{"line":54,"column":5}},"line":43},"3":{"name":"(anonymous_3)","decl":{"start":{"line":59,"column":29},"end":{"line":59,"column":30}},"loc":{"start":{"line":59,"column":60},"end":{"line":72,"column":3}},"line":59},"4":{"name":"(anonymous_4)","decl":{"start":{"line":74,"column":30},"end":{"line":74,"column":31}},"loc":{"start":{"line":74,"column":42},"end":{"line":77,"column":3}},"line":74},"5":{"name":"(anonymous_5)","decl":{"start":{"line":80,"column":4},"end":{"line":80,"column":5}},"loc":{"start":{"line":80,"column":26},"end":{"line":86,"column":5}},"line":80},"6":{"name":"useAuth","decl":{"start":{"line":99,"column":16},"end":{"line":99,"column":23}},"loc":{"start":{"line":99,"column":43},"end":{"line":107,"column":1}},"line":99}},"branchMap":{"0":{"loc":{"start":{"line":49,"column":6},"end":{"line":52,"column":7}},"type":"if","locations":[{"start":{"line":49,"column":6},"end":{"line":52,"column":7}},{"start":{"line":49,"column":6},"end":{"line":52,"column":7}}],"line":49},"1":{"loc":{"start":{"line":49,"column":10},"end":{"line":49,"column":23}},"type":"binary-expr","locations":[{"start":{"line":49,"column":10},"end":{"line":49,"column":15}},{"start":{"line":49,"column":19},"end":{"line":49,"column":23}}],"line":49},"2":{"loc":{"start":{"line":102,"column":2},"end":{"line":104,"column":3}},"type":"if","locations":[{"start":{"line":102,"column":2},"end":{"line":104,"column":3}},{"start":{"line":102,"column":2},"end":{"line":104,"column":3}}],"line":102}},"s":{"0":1,"1":1,"2":0,"3":0,"4":0,"5":0,"6":0,"7":0,"8":0,"9":0,"10":0,"11":0,"12":0,"13":0,"14":0,"15":0,"16":0,"17":0,"18":0,"19":0,"20":0,"21":0,"22":0,"23":0,"24":1,"25":1,"26":0,"27":1},"f":{"0":0,"1":0,"2":0,"3":0,"4":0,"5":0,"6":1},"b":{"0":[0,0],"1":[0,0],"2":[0,1]},"_coverageSchema":"43e27e138ebf9cfc5966b082cf9a028302ed4184","hash":"5d498b2a3a8fddfd89b8431e465d3f335da0eae8"}
,"/home/luma/Documentos/GoStack/GoBarber/appgobarber/src/pages/AppointmentCreated/index.tsx": {"path":"/home/luma/Documentos/GoStack/GoBarber/appgobarber/src/pages/AppointmentCreated/index.tsx","statementMap":{"0":{"start":{"line":19,"column":37},"end":{"line":49,"column":1}},"1":{"start":{"line":20,"column":20},"end":{"line":20,"column":35}},"2":{"start":{"line":21,"column":21},"end":{"line":21,"column":31}},"3":{"start":{"line":23,"column":22},"end":{"line":23,"column":43}},"4":{"start":{"line":25,"column":26},"end":{"line":30,"column":13}},"5":{"start":{"line":26,"column":4},"end":{"line":29,"column":7}},"6":{"start":{"line":32,"column":24},"end":{"line":38,"column":24}},"7":{"start":{"line":33,"column":4},"end":{"line":37,"column":6}},"8":{"start":{"line":39,"column":2},"end":{"line":48,"column":4}}},"fnMap":{"0":{"name":"(anonymous_0)","decl":{"start":{"line":19,"column":37},"end":{"line":19,"column":38}},"loc":{"start":{"line":19,"column":43},"end":{"line":49,"column":1}},"line":19},"1":{"name":"(anonymous_1)","decl":{"start":{"line":25,"column":38},"end":{"line":25,"column":39}},"loc":{"start":{"line":25,"column":44},"end":{"line":30,"column":3}},"line":25},"2":{"name":"(anonymous_2)","decl":{"start":{"line":32,"column":32},"end":{"line":32,"column":33}},"loc":{"start":{"line":32,"column":38},"end":{"line":38,"column":3}},"line":32}},"branchMap":{},"s":{"0":0,"1":0,"2":0,"3":0,"4":0,"5":0,"6":0,"7":0,"8":0},"f":{"0":0,"1":0,"2":0},"b":{},"hash":"270422c3af5b1907bdebfd2a9a3f67edd561d2b6"}
,"/home/luma/Documentos/GoStack/GoBarber/appgobarber/src/pages/CreateAppointment/index.tsx": {"path":"/home/luma/Documentos/GoStack/GoBarber/appgobarber/src/pages/CreateAppointment/index.tsx","statementMap":{"0":{"start":{"line":51,"column":36},"end":{"line":265,"column":1}},"1":{"start":{"line":52,"column":19},"end":{"line":52,"column":28}},"2":{"start":{"line":53,"column":31},"end":{"line":53,"column":46}},"3":{"start":{"line":55,"column":16},"end":{"line":55,"column":26}},"4":{"start":{"line":56,"column":22},"end":{"line":56,"column":49}},"5":{"start":{"line":58,"column":36},"end":{"line":58,"column":60}},"6":{"start":{"line":59,"column":46},"end":{"line":59,"column":61}},"7":{"start":{"line":60,"column":42},"end":{"line":60,"column":62}},"8":{"start":{"line":61,"column":42},"end":{"line":61,"column":53}},"9":{"start":{"line":62,"column":42},"end":{"line":62,"column":74}},"10":{"start":{"line":63,"column":50},"end":{"line":65,"column":3}},"11":{"start":{"line":67,"column":2},"end":{"line":71,"column":9}},"12":{"start":{"line":68,"column":4},"end":{"line":70,"column":7}},"13":{"start":{"line":69,"column":6},"end":{"line":69,"column":34}},"14":{"start":{"line":73,"column":2},"end":{"line":85,"column":39}},"15":{"start":{"line":74,"column":4},"end":{"line":84,"column":9}},"16":{"start":{"line":83,"column":8},"end":{"line":83,"column":39}},"17":{"start":{"line":87,"column":23},"end":{"line":89,"column":14}},"18":{"start":{"line":88,"column":4},"end":{"line":88,"column":13}},"19":{"start":{"line":91,"column":31},"end":{"line":93,"column":8}},"20":{"start":{"line":92,"column":4},"end":{"line":92,"column":36}},"21":{"start":{"line":95,"column":33},"end":{"line":97,"column":8}},"22":{"start":{"line":96,"column":4},"end":{"line":96,"column":41}},"23":{"start":{"line":96,"column":33},"end":{"line":96,"column":39}},"24":{"start":{"line":99,"column":28},"end":{"line":110,"column":3}},"25":{"start":{"line":101,"column":6},"end":{"line":103,"column":7}},"26":{"start":{"line":102,"column":8},"end":{"line":102,"column":33}},"27":{"start":{"line":105,"column":6},"end":{"line":107,"column":7}},"28":{"start":{"line":106,"column":8},"end":{"line":106,"column":30}},"29":{"start":{"line":112,"column":30},"end":{"line":122,"column":20}},"30":{"start":{"line":113,"column":4},"end":{"line":121,"column":9}},"31":{"start":{"line":114,"column":28},"end":{"line":114,"column":37}},"32":{"start":{"line":116,"column":8},"end":{"line":120,"column":10}},"33":{"start":{"line":124,"column":32},"end":{"line":134,"column":20}},"34":{"start":{"line":125,"column":4},"end":{"line":133,"column":9}},"35":{"start":{"line":126,"column":28},"end":{"line":126,"column":38}},"36":{"start":{"line":128,"column":8},"end":{"line":132,"column":10}},"37":{"start":{"line":136,"column":27},"end":{"line":138,"column":8}},"38":{"start":{"line":137,"column":4},"end":{"line":137,"column":26}},"39":{"start":{"line":140,"column":34},"end":{"line":159,"column":62}},"40":{"start":{"line":141,"column":4},"end":{"line":158,"column":5}},"41":{"start":{"line":142,"column":19},"end":{"line":142,"column":41}},"42":{"start":{"line":144,"column":6},"end":{"line":144,"column":34}},"43":{"start":{"line":145,"column":6},"end":{"line":145,"column":25}},"44":{"start":{"line":147,"column":6},"end":{"line":150,"column":9}},"45":{"start":{"line":152,"column":6},"end":{"line":152,"column":63}},"46":{"start":{"line":154,"column":6},"end":{"line":157,"column":8}},"47":{"start":{"line":161,"column":2},"end":{"line":264,"column":4}},"48":{"start":{"line":182,"column":40},"end":{"line":182,"column":51}},"49":{"start":{"line":184,"column":14},"end":{"line":192,"column":34}},"50":{"start":{"line":186,"column":31},"end":{"line":186,"column":64}},"51":{"start":{"line":222,"column":16},"end":{"line":232,"column":23}},"52":{"start":{"line":227,"column":33},"end":{"line":227,"column":55}},"53":{"start":{"line":242,"column":18},"end":{"line":252,"column":25}},"54":{"start":{"line":247,"column":35},"end":{"line":247,"column":57}}},"fnMap":{"0":{"name":"(anonymous_0)","decl":{"start":{"line":51,"column":36},"end":{"line":51,"column":37}},"loc":{"start":{"line":51,"column":42},"end":{"line":265,"column":1}},"line":51},"1":{"name":"(anonymous_1)","decl":{"start":{"line":67,"column":12},"end":{"line":67,"column":13}},"loc":{"start":{"line":67,"column":18},"end":{"line":71,"column":3}},"line":67},"2":{"name":"(anonymous_2)","decl":{"start":{"line":68,"column":31},"end":{"line":68,"column":32}},"loc":{"start":{"line":68,"column":45},"end":{"line":70,"column":5}},"line":68},"3":{"name":"(anonymous_3)","decl":{"start":{"line":73,"column":12},"end":{"line":73,"column":13}},"loc":{"start":{"line":73,"column":18},"end":{"line":85,"column":3}},"line":73},"4":{"name":"(anonymous_4)","decl":{"start":{"line":82,"column":12},"end":{"line":82,"column":13}},"loc":{"start":{"line":82,"column":26},"end":{"line":84,"column":7}},"line":82},"5":{"name":"(anonymous_5)","decl":{"start":{"line":87,"column":35},"end":{"line":87,"column":36}},"loc":{"start":{"line":87,"column":41},"end":{"line":89,"column":3}},"line":87},"6":{"name":"(anonymous_6)","decl":{"start":{"line":91,"column":43},"end":{"line":91,"column":44}},"loc":{"start":{"line":91,"column":67},"end":{"line":93,"column":3}},"line":91},"7":{"name":"(anonymous_7)","decl":{"start":{"line":95,"column":45},"end":{"line":95,"column":46}},"loc":{"start":{"line":95,"column":51},"end":{"line":97,"column":3}},"line":95},"8":{"name":"(anonymous_8)","decl":{"start":{"line":96,"column":22},"end":{"line":96,"column":23}},"loc":{"start":{"line":96,"column":33},"end":{"line":96,"column":39}},"line":96},"9":{"name":"(anonymous_9)","decl":{"start":{"line":100,"column":4},"end":{"line":100,"column":5}},"loc":{"start":{"line":100,"column":44},"end":{"line":108,"column":5}},"line":100},"10":{"name":"(anonymous_10)","decl":{"start":{"line":112,"column":38},"end":{"line":112,"column":39}},"loc":{"start":{"line":112,"column":44},"end":{"line":122,"column":3}},"line":112},"11":{"name":"(anonymous_11)","decl":{"start":{"line":114,"column":14},"end":{"line":114,"column":15}},"loc":{"start":{"line":114,"column":28},"end":{"line":114,"column":37}},"line":114},"12":{"name":"(anonymous_12)","decl":{"start":{"line":115,"column":11},"end":{"line":115,"column":12}},"loc":{"start":{"line":115,"column":36},"end":{"line":121,"column":7}},"line":115},"13":{"name":"(anonymous_13)","decl":{"start":{"line":124,"column":40},"end":{"line":124,"column":41}},"loc":{"start":{"line":124,"column":46},"end":{"line":134,"column":3}},"line":124},"14":{"name":"(anonymous_14)","decl":{"start":{"line":126,"column":14},"end":{"line":126,"column":15}},"loc":{"start":{"line":126,"column":28},"end":{"line":126,"column":38}},"line":126},"15":{"name":"(anonymous_15)","decl":{"start":{"line":127,"column":11},"end":{"line":127,"column":12}},"loc":{"start":{"line":127,"column":36},"end":{"line":133,"column":7}},"line":127},"16":{"name":"(anonymous_16)","decl":{"start":{"line":136,"column":39},"end":{"line":136,"column":40}},"loc":{"start":{"line":136,"column":57},"end":{"line":138,"column":3}},"line":136},"17":{"name":"(anonymous_17)","decl":{"start":{"line":140,"column":46},"end":{"line":140,"column":47}},"loc":{"start":{"line":140,"column":58},"end":{"line":159,"column":3}},"line":140},"18":{"name":"(anonymous_18)","decl":{"start":{"line":182,"column":26},"end":{"line":182,"column":27}},"loc":{"start":{"line":182,"column":40},"end":{"line":182,"column":51}},"line":182},"19":{"name":"(anonymous_19)","decl":{"start":{"line":183,"column":24},"end":{"line":183,"column":25}},"loc":{"start":{"line":184,"column":14},"end":{"line":192,"column":34}},"line":184},"20":{"name":"(anonymous_20)","decl":{"start":{"line":186,"column":25},"end":{"line":186,"column":26}},"loc":{"start":{"line":186,"column":31},"end":{"line":186,"column":64}},"line":186},"21":{"name":"(anonymous_21)","decl":{"start":{"line":221,"column":39},"end":{"line":221,"column":40}},"loc":{"start":{"line":222,"column":16},"end":{"line":232,"column":23}},"line":222},"22":{"name":"(anonymous_22)","decl":{"start":{"line":227,"column":27},"end":{"line":227,"column":28}},"loc":{"start":{"line":227,"column":33},"end":{"line":227,"column":55}},"line":227},"23":{"name":"(anonymous_23)","decl":{"start":{"line":241,"column":16},"end":{"line":241,"column":17}},"loc":{"start":{"line":242,"column":18},"end":{"line":252,"column":25}},"line":242},"24":{"name":"(anonymous_24)","decl":{"start":{"line":247,"column":29},"end":{"line":247,"column":30}},"loc":{"start":{"line":247,"column":35},"end":{"line":247,"column":57}},"line":247}},"branchMap":{"0":{"loc":{"start":{"line":101,"column":6},"end":{"line":103,"column":7}},"type":"if","locations":[{"start":{"line":101,"column":6},"end":{"line":103,"column":7}},{"start":{"line":101,"column":6},"end":{"line":103,"column":7}}],"line":101},"1":{"loc":{"start":{"line":105,"column":6},"end":{"line":107,"column":7}},"type":"if","locations":[{"start":{"line":105,"column":6},"end":{"line":107,"column":7}},{"start":{"line":105,"column":6},"end":{"line":107,"column":7}}],"line":105},"2":{"loc":{"start":{"line":204,"column":11},"end":{"line":212,"column":11}},"type":"binary-expr","locations":[{"start":{"line":204,"column":11},"end":{"line":204,"column":25}},{"start":{"line":205,"column":12},"end":{"line":211,"column":14}}],"line":204}},"s":{"0":0,"1":0,"2":0,"3":0,"4":0,"5":0,"6":0,"7":0,"8":0,"9":0,"10":0,"11":0,"12":0,"13":0,"14":0,"15":0,"16":0,"17":0,"18":0,"19":0,"20":0,"21":0,"22":0,"23":0,"24":0,"25":0,"26":0,"27":0,"28":0,"29":0,"30":0,"31":0,"32":0,"33":0,"34":0,"35":0,"36":0,"37":0,"38":0,"39":0,"40":0,"41":0,"42":0,"43":0,"44":0,"45":0,"46":0,"47":0,"48":0,"49":0,"50":0,"51":0,"52":0,"53":0,"54":0},"f":{"0":0,"1":0,"2":0,"3":0,"4":0,"5":0,"6":0,"7":0,"8":0,"9":0,"10":0,"11":0,"12":0,"13":0,"14":0,"15":0,"16":0,"17":0,"18":0,"19":0,"20":0,"21":0,"22":0,"23":0,"24":0},"b":{"0":[0,0],"1":[0,0],"2":[0,0]},"hash":"6d794c241ef968828ba24c0168bf1ac4a6429b57"}
,"/home/luma/Documentos/GoStack/GoBarber/appgobarber/src/pages/Dashboard/index.tsx": {"path":"/home/luma/Documentos/GoStack/GoBarber/appgobarber/src/pages/Dashboard/index.tsx","statementMap":{"0":{"start":{"line":28,"column":28},"end":{"line":94,"column":1}},"1":{"start":{"line":29,"column":19},"end":{"line":29,"column":28}},"2":{"start":{"line":30,"column":23},"end":{"line":30,"column":38}},"3":{"start":{"line":32,"column":36},"end":{"line":32,"column":60}},"4":{"start":{"line":34,"column":2},"end":{"line":38,"column":9}},"5":{"start":{"line":35,"column":4},"end":{"line":37,"column":7}},"6":{"start":{"line":36,"column":6},"end":{"line":36,"column":34}},"7":{"start":{"line":40,"column":28},"end":{"line":42,"column":16}},"8":{"start":{"line":41,"column":4},"end":{"line":41,"column":24}},"9":{"start":{"line":44,"column":38},"end":{"line":49,"column":3}},"10":{"start":{"line":46,"column":6},"end":{"line":46,"column":52}},"11":{"start":{"line":51,"column":2},"end":{"line":93,"column":4}},"12":{"start":{"line":72,"column":36},"end":{"line":72,"column":47}},"13":{"start":{"line":74,"column":10},"end":{"line":89,"column":30}},"14":{"start":{"line":75,"column":27},"end":{"line":75,"column":67}}},"fnMap":{"0":{"name":"(anonymous_0)","decl":{"start":{"line":28,"column":28},"end":{"line":28,"column":29}},"loc":{"start":{"line":28,"column":34},"end":{"line":94,"column":1}},"line":28},"1":{"name":"(anonymous_1)","decl":{"start":{"line":34,"column":12},"end":{"line":34,"column":13}},"loc":{"start":{"line":34,"column":18},"end":{"line":38,"column":3}},"line":34},"2":{"name":"(anonymous_2)","decl":{"start":{"line":35,"column":31},"end":{"line":35,"column":32}},"loc":{"start":{"line":35,"column":45},"end":{"line":37,"column":5}},"line":35},"3":{"name":"(anonymous_3)","decl":{"start":{"line":40,"column":40},"end":{"line":40,"column":41}},"loc":{"start":{"line":40,"column":46},"end":{"line":42,"column":3}},"line":40},"4":{"name":"(anonymous_4)","decl":{"start":{"line":45,"column":4},"end":{"line":45,"column":5}},"loc":{"start":{"line":45,"column":28},"end":{"line":47,"column":5}},"line":45},"5":{"name":"(anonymous_5)","decl":{"start":{"line":72,"column":22},"end":{"line":72,"column":23}},"loc":{"start":{"line":72,"column":36},"end":{"line":72,"column":47}},"line":72},"6":{"name":"(anonymous_6)","decl":{"start":{"line":73,"column":20},"end":{"line":73,"column":21}},"loc":{"start":{"line":74,"column":10},"end":{"line":89,"column":30}},"line":74},"7":{"name":"(anonymous_7)","decl":{"start":{"line":75,"column":21},"end":{"line":75,"column":22}},"loc":{"start":{"line":75,"column":27},"end":{"line":75,"column":67}},"line":75}},"branchMap":{},"s":{"0":0,"1":0,"2":0,"3":0,"4":0,"5":0,"6":0,"7":0,"8":0,"9":0,"10":0,"11":0,"12":0,"13":0,"14":0},"f":{"0":0,"1":0,"2":0,"3":0,"4":0,"5":0,"6":0,"7":0},"b":{},"hash":"b220b453417f6aeab2f5b0b24dd72af592519247"}
,"/home/luma/Documentos/GoStack/GoBarber/appgobarber/src/pages/Profile/index.tsx": {"path":"/home/luma/Documentos/GoStack/GoBarber/appgobarber/src/pages/Profile/index.tsx","statementMap":{"0":{"start":{"line":40,"column":26},"end":{"line":256,"column":1}},"1":{"start":{"line":41,"column":31},"end":{"line":41,"column":40}},"2":{"start":{"line":42,"column":21},"end":{"line":42,"column":36}},"3":{"start":{"line":43,"column":18},"end":{"line":43,"column":43}},"4":{"start":{"line":44,"column":30},"end":{"line":44,"column":53}},"5":{"start":{"line":45,"column":27},"end":{"line":45,"column":50}},"6":{"start":{"line":46,"column":34},"end":{"line":46,"column":57}},"7":{"start":{"line":47,"column":24},"end":{"line":47,"column":47}},"8":{"start":{"line":49,"column":30},"end":{"line":124,"column":3}},"9":{"start":{"line":51,"column":6},"end":{"line":121,"column":7}},"10":{"start":{"line":52,"column":8},"end":{"line":52,"column":39}},"11":{"start":{"line":54,"column":23},"end":{"line":76,"column":10}},"12":{"start":{"line":61,"column":27},"end":{"line":61,"column":41}},"13":{"start":{"line":69,"column":29},"end":{"line":69,"column":43}},"14":{"start":{"line":78,"column":8},"end":{"line":78,"column":59}},"15":{"start":{"line":86,"column":12},"end":{"line":86,"column":16}},"16":{"start":{"line":88,"column":25},"end":{"line":98,"column":9}},"17":{"start":{"line":100,"column":25},"end":{"line":100,"column":60}},"18":{"start":{"line":102,"column":8},"end":{"line":102,"column":34}},"19":{"start":{"line":104,"column":8},"end":{"line":107,"column":10}},"20":{"start":{"line":109,"column":8},"end":{"line":109,"column":28}},"21":{"start":{"line":111,"column":8},"end":{"line":115,"column":9}},"22":{"start":{"line":112,"column":25},"end":{"line":112,"column":49}},"23":{"start":{"line":113,"column":10},"end":{"line":113,"column":45}},"24":{"start":{"line":114,"column":10},"end":{"line":114,"column":17}},"25":{"start":{"line":117,"column":8},"end":{"line":120,"column":10}},"26":{"start":{"line":126,"column":23},"end":{"line":128,"column":18}},"27":{"start":{"line":127,"column":4},"end":{"line":127,"column":24}},"28":{"start":{"line":130,"column":29},"end":{"line":160,"column":27}},"29":{"start":{"line":131,"column":4},"end":{"line":159,"column":6}},"30":{"start":{"line":139,"column":8},"end":{"line":141,"column":9}},"31":{"start":{"line":140,"column":10},"end":{"line":140,"column":17}},"32":{"start":{"line":143,"column":8},"end":{"line":146,"column":9}},"33":{"start":{"line":144,"column":10},"end":{"line":144,"column":55}},"34":{"start":{"line":145,"column":10},"end":{"line":145,"column":17}},"35":{"start":{"line":148,"column":21},"end":{"line":148,"column":35}},"36":{"start":{"line":149,"column":8},"end":{"line":153,"column":11}},"37":{"start":{"line":155,"column":8},"end":{"line":157,"column":11}},"38":{"start":{"line":156,"column":10},"end":{"line":156,"column":32}},"39":{"start":{"line":162,"column":2},"end":{"line":255,"column":4}},"40":{"start":{"line":196,"column":18},"end":{"line":196,"column":49}},"41":{"start":{"line":209,"column":18},"end":{"line":209,"column":55}},"42":{"start":{"line":222,"column":18},"end":{"line":222,"column":52}},"43":{"start":{"line":234,"column":18},"end":{"line":234,"column":59}},"44":{"start":{"line":245,"column":39},"end":{"line":245,"column":68}},"45":{"start":{"line":247,"column":37},"end":{"line":247,"column":66}}},"fnMap":{"0":{"name":"(anonymous_0)","decl":{"start":{"line":40,"column":26},"end":{"line":40,"column":27}},"loc":{"start":{"line":40,"column":32},"end":{"line":256,"column":1}},"line":40},"1":{"name":"(anonymous_1)","decl":{"start":{"line":50,"column":4},"end":{"line":50,"column":5}},"loc":{"start":{"line":50,"column":37},"end":{"line":122,"column":5}},"line":50},"2":{"name":"(anonymous_2)","decl":{"start":{"line":61,"column":16},"end":{"line":61,"column":17}},"loc":{"start":{"line":61,"column":27},"end":{"line":61,"column":41}},"line":61},"3":{"name":"(anonymous_3)","decl":{"start":{"line":69,"column":18},"end":{"line":69,"column":19}},"loc":{"start":{"line":69,"column":29},"end":{"line":69,"column":43}},"line":69},"4":{"name":"(anonymous_4)","decl":{"start":{"line":126,"column":35},"end":{"line":126,"column":36}},"loc":{"start":{"line":126,"column":41},"end":{"line":128,"column":3}},"line":126},"5":{"name":"(anonymous_5)","decl":{"start":{"line":130,"column":41},"end":{"line":130,"column":42}},"loc":{"start":{"line":130,"column":47},"end":{"line":160,"column":3}},"line":130},"6":{"name":"(anonymous_6)","decl":{"start":{"line":138,"column":6},"end":{"line":138,"column":7}},"loc":{"start":{"line":138,"column":20},"end":{"line":158,"column":7}},"line":138},"7":{"name":"(anonymous_7)","decl":{"start":{"line":155,"column":45},"end":{"line":155,"column":46}},"loc":{"start":{"line":155,"column":55},"end":{"line":157,"column":9}},"line":155},"8":{"name":"(anonymous_8)","decl":{"start":{"line":195,"column":33},"end":{"line":195,"column":34}},"loc":{"start":{"line":195,"column":39},"end":{"line":197,"column":17}},"line":195},"9":{"name":"(anonymous_9)","decl":{"start":{"line":208,"column":33},"end":{"line":208,"column":34}},"loc":{"start":{"line":208,"column":39},"end":{"line":210,"column":17}},"line":208},"10":{"name":"(anonymous_10)","decl":{"start":{"line":221,"column":33},"end":{"line":221,"column":34}},"loc":{"start":{"line":221,"column":39},"end":{"line":223,"column":17}},"line":221},"11":{"name":"(anonymous_11)","decl":{"start":{"line":233,"column":33},"end":{"line":233,"column":34}},"loc":{"start":{"line":233,"column":39},"end":{"line":235,"column":17}},"line":233},"12":{"name":"(anonymous_12)","decl":{"start":{"line":245,"column":33},"end":{"line":245,"column":34}},"loc":{"start":{"line":245,"column":39},"end":{"line":245,"column":68}},"line":245},"13":{"name":"(anonymous_13)","decl":{"start":{"line":247,"column":31},"end":{"line":247,"column":32}},"loc":{"start":{"line":247,"column":37},"end":{"line":247,"column":66}},"line":247}},"branchMap":{"0":{"loc":{"start":{"line":91,"column":14},"end":{"line":97,"column":16}},"type":"cond-expr","locations":[{"start":{"line":92,"column":14},"end":{"line":96,"column":15}},{"start":{"line":97,"column":14},"end":{"line":97,"column":16}}],"line":91},"1":{"loc":{"start":{"line":111,"column":8},"end":{"line":115,"column":9}},"type":"if","locations":[{"start":{"line":111,"column":8},"end":{"line":115,"column":9}},{"start":{"line":111,"column":8},"end":{"line":115,"column":9}}],"line":111},"2":{"loc":{"start":{"line":139,"column":8},"end":{"line":141,"column":9}},"type":"if","locations":[{"start":{"line":139,"column":8},"end":{"line":141,"column":9}},{"start":{"line":139,"column":8},"end":{"line":141,"column":9}}],"line":139},"3":{"loc":{"start":{"line":143,"column":8},"end":{"line":146,"column":9}},"type":"if","locations":[{"start":{"line":143,"column":8},"end":{"line":146,"column":9}},{"start":{"line":143,"column":8},"end":{"line":146,"column":9}}],"line":143},"4":{"loc":{"start":{"line":166,"column":18},"end":{"line":166,"column":63}},"type":"cond-expr","locations":[{"start":{"line":166,"column":42},"end":{"line":166,"column":51}},{"start":{"line":166,"column":54},"end":{"line":166,"column":63}}],"line":166}},"s":{"0":0,"1":0,"2":0,"3":0,"4":0,"5":0,"6":0,"7":0,"8":0,"9":0,"10":0,"11":0,"12":0,"13":0,"14":0,"15":0,"16":0,"17":0,"18":0,"19":0,"20":0,"21":0,"22":0,"23":0,"24":0,"25":0,"26":0,"27":0,"28":0,"29":0,"30":0,"31":0,"32":0,"33":0,"34":0,"35":0,"36":0,"37":0,"38":0,"39":0,"40":0,"41":0,"42":0,"43":0,"44":0,"45":0},"f":{"0":0,"1":0,"2":0,"3":0,"4":0,"5":0,"6":0,"7":0,"8":0,"9":0,"10":0,"11":0,"12":0,"13":0},"b":{"0":[0,0],"1":[0,0],"2":[0,0],"3":[0,0],"4":[0,0]},"hash":"fdff9be1bec8a3a1b6b488639baf2004ab64d56e"}
,"/home/luma/Documentos/GoStack/GoBarber/appgobarber/src/pages/SignIn/index.tsx": {"path":"/home/luma/Documentos/GoStack/GoBarber/appgobarber/src/pages/SignIn/index.tsx","statementMap":{"0":{"start":{"line":41,"column":25},"end":{"line":142,"column":1}},"1":{"start":{"line":42,"column":21},"end":{"line":42,"column":36}},"2":{"start":{"line":43,"column":18},"end":{"line":43,"column":43}},"3":{"start":{"line":44,"column":22},"end":{"line":44,"column":45}},"4":{"start":{"line":46,"column":21},"end":{"line":46,"column":30}},"5":{"start":{"line":48,"column":23},"end":{"line":82,"column":3}},"6":{"start":{"line":50,"column":6},"end":{"line":79,"column":7}},"7":{"start":{"line":52,"column":8},"end":{"line":52,"column":39}},"8":{"start":{"line":54,"column":23},"end":{"line":59,"column":10}},"9":{"start":{"line":61,"column":8},"end":{"line":61,"column":59}},"10":{"start":{"line":64,"column":8},"end":{"line":67,"column":11}},"11":{"start":{"line":69,"column":8},"end":{"line":73,"column":9}},"12":{"start":{"line":70,"column":25},"end":{"line":70,"column":49}},"13":{"start":{"line":71,"column":10},"end":{"line":71,"column":45}},"14":{"start":{"line":72,"column":10},"end":{"line":72,"column":17}},"15":{"start":{"line":75,"column":8},"end":{"line":78,"column":10}},"16":{"start":{"line":83,"column":2},"end":{"line":141,"column":4}},"17":{"start":{"line":113,"column":18},"end":{"line":113,"column":47}},"18":{"start":{"line":123,"column":39},"end":{"line":123,"column":68}},"19":{"start":{"line":125,"column":37},"end":{"line":125,"column":66}},"20":{"start":{"line":130,"column":43},"end":{"line":130,"column":73}},"21":{"start":{"line":136,"column":42},"end":{"line":136,"column":71}}},"fnMap":{"0":{"name":"(anonymous_0)","decl":{"start":{"line":41,"column":25},"end":{"line":41,"column":26}},"loc":{"start":{"line":41,"column":31},"end":{"line":142,"column":1}},"line":41},"1":{"name":"(anonymous_1)","decl":{"start":{"line":49,"column":4},"end":{"line":49,"column":5}},"loc":{"start":{"line":49,"column":36},"end":{"line":80,"column":5}},"line":49},"2":{"name":"(anonymous_2)","decl":{"start":{"line":112,"column":33},"end":{"line":112,"column":34}},"loc":{"start":{"line":112,"column":39},"end":{"line":114,"column":17}},"line":112},"3":{"name":"(anonymous_3)","decl":{"start":{"line":123,"column":33},"end":{"line":123,"column":34}},"loc":{"start":{"line":123,"column":39},"end":{"line":123,"column":68}},"line":123},"4":{"name":"(anonymous_4)","decl":{"start":{"line":125,"column":31},"end":{"line":125,"column":32}},"loc":{"start":{"line":125,"column":37},"end":{"line":125,"column":66}},"line":125},"5":{"name":"(anonymous_5)","decl":{"start":{"line":130,"column":37},"end":{"line":130,"column":38}},"loc":{"start":{"line":130,"column":43},"end":{"line":130,"column":73}},"line":130},"6":{"name":"(anonymous_6)","decl":{"start":{"line":136,"column":36},"end":{"line":136,"column":37}},"loc":{"start":{"line":136,"column":42},"end":{"line":136,"column":71}},"line":136}},"branchMap":{"0":{"loc":{"start":{"line":69,"column":8},"end":{"line":73,"column":9}},"type":"if","locations":[{"start":{"line":69,"column":8},"end":{"line":73,"column":9}},{"start":{"line":69,"column":8},"end":{"line":73,"column":9}}],"line":69},"1":{"loc":{"start":{"line":87,"column":18},"end":{"line":87,"column":63}},"type":"cond-expr","locations":[{"start":{"line":87,"column":42},"end":{"line":87,"column":51}},{"start":{"line":87,"column":54},"end":{"line":87,"column":63}}],"line":87}},"s":{"0":1,"1":1,"2":1,"3":1,"4":1,"5":1,"6":0,"7":0,"8":0,"9":0,"10":0,"11":0,"12":0,"13":0,"14":0,"15":0,"16":1,"17":0,"18":0,"19":0,"20":0,"21":0},"f":{"0":1,"1":0,"2":0,"3":0,"4":0,"5":0,"6":0},"b":{"0":[0,0],"1":[1,0]},"_coverageSchema":"43e27e138ebf9cfc5966b082cf9a028302ed4184","hash":"12fd4f79a507b2bdbeb54628dc72fb1c28194941"}
,"/home/luma/Documentos/GoStack/GoBarber/appgobarber/src/pages/SignUp/index.tsx": {"path":"/home/luma/Documentos/GoStack/GoBarber/appgobarber/src/pages/SignUp/index.tsx","statementMap":{"0":{"start":{"line":39,"column":25},"end":{"line":151,"column":1}},"1":{"start":{"line":40,"column":21},"end":{"line":40,"column":36}},"2":{"start":{"line":41,"column":18},"end":{"line":41,"column":43}},"3":{"start":{"line":42,"column":27},"end":{"line":42,"column":50}},"4":{"start":{"line":43,"column":24},"end":{"line":43,"column":47}},"5":{"start":{"line":45,"column":23},"end":{"line":82,"column":3}},"6":{"start":{"line":47,"column":6},"end":{"line":79,"column":7}},"7":{"start":{"line":48,"column":8},"end":{"line":48,"column":39}},"8":{"start":{"line":50,"column":23},"end":{"line":56,"column":10}},"9":{"start":{"line":58,"column":8},"end":{"line":58,"column":59}},"10":{"start":{"line":60,"column":8},"end":{"line":60,"column":39}},"11":{"start":{"line":62,"column":8},"end":{"line":65,"column":10}},"12":{"start":{"line":67,"column":8},"end":{"line":67,"column":38}},"13":{"start":{"line":69,"column":8},"end":{"line":73,"column":9}},"14":{"start":{"line":70,"column":25},"end":{"line":70,"column":49}},"15":{"start":{"line":71,"column":10},"end":{"line":71,"column":45}},"16":{"start":{"line":72,"column":10},"end":{"line":72,"column":17}},"17":{"start":{"line":75,"column":8},"end":{"line":78,"column":10}},"18":{"start":{"line":84,"column":2},"end":{"line":150,"column":4}},"19":{"start":{"line":112,"column":18},"end":{"line":112,"column":49}},"20":{"start":{"line":125,"column":18},"end":{"line":125,"column":52}},"21":{"start":{"line":136,"column":39},"end":{"line":136,"column":68}},"22":{"start":{"line":138,"column":37},"end":{"line":138,"column":66}},"23":{"start":{"line":145,"column":41},"end":{"line":145,"column":60}}},"fnMap":{"0":{"name":"(anonymous_0)","decl":{"start":{"line":39,"column":25},"end":{"line":39,"column":26}},"loc":{"start":{"line":39,"column":31},"end":{"line":151,"column":1}},"line":39},"1":{"name":"(anonymous_1)","decl":{"start":{"line":46,"column":4},"end":{"line":46,"column":5}},"loc":{"start":{"line":46,"column":36},"end":{"line":80,"column":5}},"line":46},"2":{"name":"(anonymous_2)","decl":{"start":{"line":111,"column":33},"end":{"line":111,"column":34}},"loc":{"start":{"line":111,"column":39},"end":{"line":113,"column":17}},"line":111},"3":{"name":"(anonymous_3)","decl":{"start":{"line":124,"column":33},"end":{"line":124,"column":34}},"loc":{"start":{"line":124,"column":39},"end":{"line":126,"column":17}},"line":124},"4":{"name":"(anonymous_4)","decl":{"start":{"line":136,"column":33},"end":{"line":136,"column":34}},"loc":{"start":{"line":136,"column":39},"end":{"line":136,"column":68}},"line":136},"5":{"name":"(anonymous_5)","decl":{"start":{"line":138,"column":31},"end":{"line":138,"column":32}},"loc":{"start":{"line":138,"column":37},"end":{"line":138,"column":66}},"line":138},"6":{"name":"(anonymous_6)","decl":{"start":{"line":145,"column":35},"end":{"line":145,"column":36}},"loc":{"start":{"line":145,"column":41},"end":{"line":145,"column":60}},"line":145}},"branchMap":{"0":{"loc":{"start":{"line":69,"column":8},"end":{"line":73,"column":9}},"type":"if","locations":[{"start":{"line":69,"column":8},"end":{"line":73,"column":9}},{"start":{"line":69,"column":8},"end":{"line":73,"column":9}}],"line":69},"1":{"loc":{"start":{"line":88,"column":18},"end":{"line":88,"column":63}},"type":"cond-expr","locations":[{"start":{"line":88,"column":42},"end":{"line":88,"column":51}},{"start":{"line":88,"column":54},"end":{"line":88,"column":63}}],"line":88}},"s":{"0":0,"1":0,"2":0,"3":0,"4":0,"5":0,"6":0,"7":0,"8":0,"9":0,"10":0,"11":0,"12":0,"13":0,"14":0,"15":0,"16":0,"17":0,"18":0,"19":0,"20":0,"21":0,"22":0,"23":0},"f":{"0":0,"1":0,"2":0,"3":0,"4":0,"5":0,"6":0},"b":{"0":[0,0],"1":[0,0]},"hash":"b4d56edf30917dc2a46ca5076452fee712f459aa"}
}
